<?xml version="1.0" encoding="UTF-8"?>
<!-- Generated by org.testng.reporters.JUnitXMLReporter -->
<testsuite ignored="0" hostname="LAPTOP-CMIROL74" failures="0" tests="2" name="robotSpareBinIndustriesAutomationTesting" time="14.59" errors="0" timestamp="2023-10-24T20:16:09 EEST">
  <testcase classname="Tests.TestLogInPage" name="loginWithValidCredentials" time="4.506"/>
  <testcase classname="Tests.TestLogInPage" name="loginWithInvalidPassword" time="2.315"/>
</testsuite> <!-- robotSpareBinIndustriesAutomationTesting -->
