<?xml version="1.0" encoding="UTF-8"?>
<testng-results ignored="0" total="2" passed="2" failed="0" skipped="0">
  <reporter-output>
  </reporter-output>
  <suite started-at="2023-10-24T20:15:54 EEST" name="Default Suite" finished-at="2023-10-24T20:16:09 EEST" duration-ms="14590">
    <groups>
    </groups>
    <test started-at="2023-10-24T20:15:54 EEST" name="robotSpareBinIndustriesAutomationTesting" finished-at="2023-10-24T20:16:09 EEST" duration-ms="14590">
      <class name="Tests.TestLogInPage">
        <test-method is-config="true" signature="beforeClass()[pri:0, instance:Tests.TestLogInPage@769e7ee8]" started-at="2023-10-24T20:15:55 EEST" name="beforeClass" finished-at="2023-10-24T20:15:59 EEST" duration-ms="4694" status="PASS">
          <reporter-output>
          </reporter-output>
        </test-method> <!-- beforeClass -->
        <test-method signature="loginWithValidCredentials()[pri:1, instance:Tests.TestLogInPage@769e7ee8]" started-at="2023-10-24T20:15:59 EEST" name="loginWithValidCredentials" finished-at="2023-10-24T20:16:04 EEST" duration-ms="4506" status="PASS">
          <reporter-output>
          </reporter-output>
        </test-method> <!-- loginWithValidCredentials -->
        <test-method is-config="true" signature="clearCache()[pri:0, instance:Tests.TestLogInPage@769e7ee8]" started-at="2023-10-24T20:16:04 EEST" name="clearCache" finished-at="2023-10-24T20:16:04 EEST" duration-ms="655" status="PASS">
          <reporter-output>
          </reporter-output>
        </test-method> <!-- clearCache -->
        <test-method is-config="true" signature="beforeClass()[pri:0, instance:Tests.TestLogInPage@769e7ee8]" started-at="2023-10-24T20:16:04 EEST" name="beforeClass" finished-at="2023-10-24T20:16:05 EEST" duration-ms="530" status="PASS">
          <reporter-output>
          </reporter-output>
        </test-method> <!-- beforeClass -->
        <test-method signature="loginWithInvalidPassword()[pri:2, instance:Tests.TestLogInPage@769e7ee8]" started-at="2023-10-24T20:16:05 EEST" name="loginWithInvalidPassword" finished-at="2023-10-24T20:16:07 EEST" duration-ms="2315" status="PASS">
          <reporter-output>
          </reporter-output>
        </test-method> <!-- loginWithInvalidPassword -->
        <test-method is-config="true" signature="clearCache()[pri:0, instance:Tests.TestLogInPage@769e7ee8]" started-at="2023-10-24T20:16:07 EEST" name="clearCache" finished-at="2023-10-24T20:16:09 EEST" duration-ms="1251" status="PASS">
          <reporter-output>
          </reporter-output>
        </test-method> <!-- clearCache -->
        <test-method is-config="true" signature="closeAllDriver()[pri:0, instance:Tests.TestLogInPage@769e7ee8]" started-at="2023-10-24T20:16:09 EEST" name="closeAllDriver" finished-at="2023-10-24T20:16:09 EEST" duration-ms="547" status="PASS">
          <reporter-output>
          </reporter-output>
        </test-method> <!-- closeAllDriver -->
      </class> <!-- Tests.TestLogInPage -->
    </test> <!-- robotSpareBinIndustriesAutomationTesting -->
  </suite> <!-- Default Suite -->
</testng-results>
